16:23:33.383 [main] INFO  c.m.w.server.util.ServletContext - Servlet com.miskevich.webserver.data.servlet.IndexServlet@78a773fd was registered by path /index/all
16:23:59.293 [pool-1-thread-1] INFO  c.m.w.server.util.RequestParser - Parsed request StaticRequest{url='/index/all', method=GET, headers={Accept= text/html,application/xhtml+xml,application/xml;q=0.9,image/webp,*/*;q=0.8, Upgrade-Insecure-Requests= 1, Connection= keep-alive, User-Agent= Mozilla/5.0 (X11; Linux x86_64) AppleWebKit/537.36 (KHTML, like Gecko) Chrome/56.0.2924.87 Safari/537.36, Host= localhost, Accept-Encoding= gzip, deflate, sdch, br, Accept-Language= ru-RU,ru;q=0.8,en-US;q=0.6,en;q=0.4}}
16:23:59.784 [pool-1-thread-1] INFO  c.m.w.s.util.ResponseHeaderGenerator - Headers for servlet were generated
16:23:59.834 [pool-1-thread-2] INFO  c.m.w.server.util.RequestParser - Parsed request StaticRequest{url='/styles/bootstrap.min.css', method=GET, headers={Accept= text/css,*/*;q=0.1, Connection= keep-alive, User-Agent= Mozilla/5.0 (X11; Linux x86_64) AppleWebKit/537.36 (KHTML, like Gecko) Chrome/56.0.2924.87 Safari/537.36, Referer= http, Host= localhost, Accept-Encoding= gzip, deflate, sdch, br, Accept-Language= ru-RU,ru;q=0.8,en-US;q=0.6,en;q=0.4}}
16:23:59.870 [pool-1-thread-3] INFO  c.m.w.server.util.RequestParser - Parsed request StaticRequest{url='/styles/styles.css', method=GET, headers={Accept= text/css,*/*;q=0.1, Connection= keep-alive, User-Agent= Mozilla/5.0 (X11; Linux x86_64) AppleWebKit/537.36 (KHTML, like Gecko) Chrome/56.0.2924.87 Safari/537.36, Referer= http, Host= localhost, Accept-Encoding= gzip, deflate, sdch, br, Accept-Language= ru-RU,ru;q=0.8,en-US;q=0.6,en;q=0.4}}
16:23:59.902 [pool-1-thread-3] INFO  c.m.w.s.util.ResponseHeaderGenerator - Headers for static resource were generated
16:23:59.903 [pool-1-thread-2] INFO  c.m.w.s.util.ResponseHeaderGenerator - Headers for static resource were generated
16:23:59.940 [pool-1-thread-1] INFO  c.m.w.server.util.RequestParser - Parsed request StaticRequest{url='/pic/3.jpg', method=GET, headers={Accept= image/webp,image/*,*/*;q=0.8, Connection= keep-alive, User-Agent= Mozilla/5.0 (X11; Linux x86_64) AppleWebKit/537.36 (KHTML, like Gecko) Chrome/56.0.2924.87 Safari/537.36, Referer= http, Host= localhost, Accept-Encoding= gzip, deflate, sdch, br, Accept-Language= ru-RU,ru;q=0.8,en-US;q=0.6,en;q=0.4}}
16:23:59.941 [pool-1-thread-1] INFO  c.m.w.s.util.ResponseHeaderGenerator - Headers for static resource were generated
16:23:59.942 [pool-1-thread-3] INFO  c.m.w.server.util.RequestParser - Parsed request StaticRequest{url='/pic/4.jpg', method=GET, headers={Accept= image/webp,image/*,*/*;q=0.8, Connection= keep-alive, User-Agent= Mozilla/5.0 (X11; Linux x86_64) AppleWebKit/537.36 (KHTML, like Gecko) Chrome/56.0.2924.87 Safari/537.36, Referer= http, Host= localhost, Accept-Encoding= gzip, deflate, sdch, br, Accept-Language= ru-RU,ru;q=0.8,en-US;q=0.6,en;q=0.4}}
16:23:59.943 [pool-1-thread-3] INFO  c.m.w.s.util.ResponseHeaderGenerator - Headers for static resource were generated
16:23:59.945 [pool-1-thread-4] INFO  c.m.w.server.util.RequestParser - Parsed request StaticRequest{url='/pic/1.jpg', method=GET, headers={Accept= image/webp,image/*,*/*;q=0.8, Connection= keep-alive, User-Agent= Mozilla/5.0 (X11; Linux x86_64) AppleWebKit/537.36 (KHTML, like Gecko) Chrome/56.0.2924.87 Safari/537.36, Referer= http, Host= localhost, Accept-Encoding= gzip, deflate, sdch, br, Accept-Language= ru-RU,ru;q=0.8,en-US;q=0.6,en;q=0.4}}
16:23:59.945 [pool-1-thread-5] INFO  c.m.w.server.util.RequestParser - Parsed request StaticRequest{url='/pic/2.jpg', method=GET, headers={Accept= image/webp,image/*,*/*;q=0.8, Connection= keep-alive, User-Agent= Mozilla/5.0 (X11; Linux x86_64) AppleWebKit/537.36 (KHTML, like Gecko) Chrome/56.0.2924.87 Safari/537.36, Referer= http, Host= localhost, Accept-Encoding= gzip, deflate, sdch, br, Accept-Language= ru-RU,ru;q=0.8,en-US;q=0.6,en;q=0.4}}
16:23:59.946 [pool-1-thread-5] INFO  c.m.w.s.util.ResponseHeaderGenerator - Headers for static resource were generated
16:23:59.946 [pool-1-thread-2] INFO  c.m.w.server.util.RequestParser - Parsed request StaticRequest{url='/pic/5.jpg', method=GET, headers={Accept= image/webp,image/*,*/*;q=0.8, Connection= keep-alive, User-Agent= Mozilla/5.0 (X11; Linux x86_64) AppleWebKit/537.36 (KHTML, like Gecko) Chrome/56.0.2924.87 Safari/537.36, Referer= http, Host= localhost, Accept-Encoding= gzip, deflate, sdch, br, Accept-Language= ru-RU,ru;q=0.8,en-US;q=0.6,en;q=0.4}}
16:23:59.954 [pool-1-thread-2] INFO  c.m.w.s.util.ResponseHeaderGenerator - Headers for static resource were generated
16:23:59.954 [pool-1-thread-4] INFO  c.m.w.s.util.ResponseHeaderGenerator - Headers for static resource were generated
16:23:59.962 [pool-1-thread-3] INFO  c.m.w.server.util.RequestParser - Parsed request StaticRequest{url='/pic/6.jpg', method=GET, headers={Accept= image/webp,image/*,*/*;q=0.8, Connection= keep-alive, User-Agent= Mozilla/5.0 (X11; Linux x86_64) AppleWebKit/537.36 (KHTML, like Gecko) Chrome/56.0.2924.87 Safari/537.36, Referer= http, Host= localhost, Accept-Encoding= gzip, deflate, sdch, br, Accept-Language= ru-RU,ru;q=0.8,en-US;q=0.6,en;q=0.4}}
16:23:59.963 [pool-1-thread-3] INFO  c.m.w.s.util.ResponseHeaderGenerator - Headers for static resource were generated
16:24:00.293 [pool-1-thread-1] INFO  c.m.w.server.util.RequestParser - Parsed request StaticRequest{url='/pic/8.jpg', method=GET, headers={Accept= image/webp,image/*,*/*;q=0.8, Connection= keep-alive, User-Agent= Mozilla/5.0 (X11; Linux x86_64) AppleWebKit/537.36 (KHTML, like Gecko) Chrome/56.0.2924.87 Safari/537.36, Referer= http, Host= localhost, Accept-Encoding= gzip, deflate, sdch, br, Accept-Language= ru-RU,ru;q=0.8,en-US;q=0.6,en;q=0.4}}
16:24:00.293 [pool-1-thread-1] INFO  c.m.w.s.util.ResponseHeaderGenerator - Headers for static resource were generated
16:24:00.311 [pool-1-thread-2] INFO  c.m.w.server.util.RequestParser - Parsed request StaticRequest{url='/pic/9.jpg', method=GET, headers={Accept= image/webp,image/*,*/*;q=0.8, Connection= keep-alive, User-Agent= Mozilla/5.0 (X11; Linux x86_64) AppleWebKit/537.36 (KHTML, like Gecko) Chrome/56.0.2924.87 Safari/537.36, Referer= http, Host= localhost, Accept-Encoding= gzip, deflate, sdch, br, Accept-Language= ru-RU,ru;q=0.8,en-US;q=0.6,en;q=0.4}}
16:24:00.312 [pool-1-thread-2] INFO  c.m.w.s.util.ResponseHeaderGenerator - Headers for static resource were generated
16:24:00.358 [pool-1-thread-4] INFO  c.m.w.server.util.RequestParser - Parsed request StaticRequest{url='/pic/7.jpg', method=GET, headers={Accept= image/webp,image/*,*/*;q=0.8, Connection= keep-alive, User-Agent= Mozilla/5.0 (X11; Linux x86_64) AppleWebKit/537.36 (KHTML, like Gecko) Chrome/56.0.2924.87 Safari/537.36, Referer= http, Host= localhost, Accept-Encoding= gzip, deflate, sdch, br, Accept-Language= ru-RU,ru;q=0.8,en-US;q=0.6,en;q=0.4}}
16:24:00.358 [pool-1-thread-4] INFO  c.m.w.s.util.ResponseHeaderGenerator - Headers for static resource were generated
16:24:00.395 [pool-1-thread-5] INFO  c.m.w.server.util.RequestParser - Parsed request StaticRequest{url='/pic/10.jpg', method=GET, headers={Accept= image/webp,image/*,*/*;q=0.8, Connection= keep-alive, User-Agent= Mozilla/5.0 (X11; Linux x86_64) AppleWebKit/537.36 (KHTML, like Gecko) Chrome/56.0.2924.87 Safari/537.36, Referer= http, Host= localhost, Accept-Encoding= gzip, deflate, sdch, br, Accept-Language= ru-RU,ru;q=0.8,en-US;q=0.6,en;q=0.4}}
16:24:00.395 [pool-1-thread-5] INFO  c.m.w.s.util.ResponseHeaderGenerator - Headers for static resource were generated
16:24:00.398 [pool-1-thread-3] INFO  c.m.w.server.util.RequestParser - Parsed request StaticRequest{url='/pic/11.jpg', method=GET, headers={Accept= image/webp,image/*,*/*;q=0.8, Connection= keep-alive, User-Agent= Mozilla/5.0 (X11; Linux x86_64) AppleWebKit/537.36 (KHTML, like Gecko) Chrome/56.0.2924.87 Safari/537.36, Referer= http, Host= localhost, Accept-Encoding= gzip, deflate, sdch, br, Accept-Language= ru-RU,ru;q=0.8,en-US;q=0.6,en;q=0.4}}
16:24:00.398 [pool-1-thread-3] INFO  c.m.w.s.util.ResponseHeaderGenerator - Headers for static resource were generated
16:24:00.429 [pool-1-thread-1] INFO  c.m.w.server.util.RequestParser - Parsed request StaticRequest{url='/pic/12.jpg', method=GET, headers={Accept= image/webp,image/*,*/*;q=0.8, Connection= keep-alive, User-Agent= Mozilla/5.0 (X11; Linux x86_64) AppleWebKit/537.36 (KHTML, like Gecko) Chrome/56.0.2924.87 Safari/537.36, Referer= http, Host= localhost, Accept-Encoding= gzip, deflate, sdch, br, Accept-Language= ru-RU,ru;q=0.8,en-US;q=0.6,en;q=0.4}}
16:24:00.429 [pool-1-thread-1] INFO  c.m.w.s.util.ResponseHeaderGenerator - Headers for static resource were generated
16:24:00.678 [pool-1-thread-2] INFO  c.m.w.server.util.RequestParser - Parsed request StaticRequest{url='/pic/13.jpg', method=GET, headers={Accept= image/webp,image/*,*/*;q=0.8, Connection= keep-alive, User-Agent= Mozilla/5.0 (X11; Linux x86_64) AppleWebKit/537.36 (KHTML, like Gecko) Chrome/56.0.2924.87 Safari/537.36, Referer= http, Host= localhost, Accept-Encoding= gzip, deflate, sdch, br, Accept-Language= ru-RU,ru;q=0.8,en-US;q=0.6,en;q=0.4}}
16:24:00.679 [pool-1-thread-2] INFO  c.m.w.s.util.ResponseHeaderGenerator - Headers for static resource were generated
16:24:00.807 [pool-1-thread-4] INFO  c.m.w.server.util.RequestParser - Parsed request StaticRequest{url='/pic/14.jpg', method=GET, headers={Accept= image/webp,image/*,*/*;q=0.8, Connection= keep-alive, User-Agent= Mozilla/5.0 (X11; Linux x86_64) AppleWebKit/537.36 (KHTML, like Gecko) Chrome/56.0.2924.87 Safari/537.36, Referer= http, Host= localhost, Accept-Encoding= gzip, deflate, sdch, br, Accept-Language= ru-RU,ru;q=0.8,en-US;q=0.6,en;q=0.4}}
16:24:00.808 [pool-1-thread-4] INFO  c.m.w.s.util.ResponseHeaderGenerator - Headers for static resource were generated
16:24:00.826 [pool-1-thread-5] INFO  c.m.w.server.util.RequestParser - Parsed request StaticRequest{url='/pic/15.jpg', method=GET, headers={Accept= image/webp,image/*,*/*;q=0.8, Connection= keep-alive, User-Agent= Mozilla/5.0 (X11; Linux x86_64) AppleWebKit/537.36 (KHTML, like Gecko) Chrome/56.0.2924.87 Safari/537.36, Referer= http, Host= localhost, Accept-Encoding= gzip, deflate, sdch, br, Accept-Language= ru-RU,ru;q=0.8,en-US;q=0.6,en;q=0.4}}
16:24:00.827 [pool-1-thread-5] INFO  c.m.w.s.util.ResponseHeaderGenerator - Headers for static resource were generated
16:24:00.856 [pool-1-thread-3] INFO  c.m.w.server.util.RequestParser - Parsed request StaticRequest{url='/pic/17.jpg', method=GET, headers={Accept= image/webp,image/*,*/*;q=0.8, Connection= keep-alive, User-Agent= Mozilla/5.0 (X11; Linux x86_64) AppleWebKit/537.36 (KHTML, like Gecko) Chrome/56.0.2924.87 Safari/537.36, Referer= http, Host= localhost, Accept-Encoding= gzip, deflate, sdch, br, Accept-Language= ru-RU,ru;q=0.8,en-US;q=0.6,en;q=0.4}}
16:24:00.857 [pool-1-thread-3] INFO  c.m.w.s.util.ResponseHeaderGenerator - Headers for static resource were generated
16:24:00.860 [pool-1-thread-1] INFO  c.m.w.server.util.RequestParser - Parsed request StaticRequest{url='/pic/18.jpg', method=GET, headers={Accept= image/webp,image/*,*/*;q=0.8, Connection= keep-alive, User-Agent= Mozilla/5.0 (X11; Linux x86_64) AppleWebKit/537.36 (KHTML, like Gecko) Chrome/56.0.2924.87 Safari/537.36, Referer= http, Host= localhost, Accept-Encoding= gzip, deflate, sdch, br, Accept-Language= ru-RU,ru;q=0.8,en-US;q=0.6,en;q=0.4}}
16:24:00.861 [pool-1-thread-1] INFO  c.m.w.s.util.ResponseHeaderGenerator - Headers for static resource were generated
16:24:00.868 [pool-1-thread-2] INFO  c.m.w.server.util.RequestParser - Parsed request StaticRequest{url='/pic/19.jpg', method=GET, headers={Accept= image/webp,image/*,*/*;q=0.8, Connection= keep-alive, User-Agent= Mozilla/5.0 (X11; Linux x86_64) AppleWebKit/537.36 (KHTML, like Gecko) Chrome/56.0.2924.87 Safari/537.36, Referer= http, Host= localhost, Accept-Encoding= gzip, deflate, sdch, br, Accept-Language= ru-RU,ru;q=0.8,en-US;q=0.6,en;q=0.4}}
16:24:00.868 [pool-1-thread-2] INFO  c.m.w.s.util.ResponseHeaderGenerator - Headers for static resource were generated
16:24:00.952 [pool-1-thread-4] INFO  c.m.w.server.util.RequestParser - Parsed request StaticRequest{url='/pic/20.jpg', method=GET, headers={Accept= image/webp,image/*,*/*;q=0.8, Connection= keep-alive, User-Agent= Mozilla/5.0 (X11; Linux x86_64) AppleWebKit/537.36 (KHTML, like Gecko) Chrome/56.0.2924.87 Safari/537.36, Referer= http, Host= localhost, Accept-Encoding= gzip, deflate, sdch, br, Accept-Language= ru-RU,ru;q=0.8,en-US;q=0.6,en;q=0.4}}
16:24:00.952 [pool-1-thread-4] INFO  c.m.w.s.util.ResponseHeaderGenerator - Headers for static resource were generated
16:24:01.118 [pool-1-thread-5] INFO  c.m.w.server.util.RequestParser - Parsed request StaticRequest{url='/favicon.ico', method=GET, headers={Accept= image/webp,image/*,*/*;q=0.8, Connection= keep-alive, User-Agent= Mozilla/5.0 (X11; Linux x86_64) AppleWebKit/537.36 (KHTML, like Gecko) Chrome/56.0.2924.87 Safari/537.36, Referer= http, Host= localhost, Accept-Encoding= gzip, deflate, sdch, br, Accept-Language= ru-RU,ru;q=0.8,en-US;q=0.6,en;q=0.4}}
16:24:01.120 [pool-1-thread-5] INFO  c.m.w.s.util.ResponseHeaderGenerator - Headers for static resource were generated
16:26:24.995 [main] INFO  c.m.w.server.util.ServletContext - Servlet com.miskevich.webserver.data.servlet.IndexServlet@78a773fd was registered by path /index/all
16:26:31.030 [pool-1-thread-1] INFO  c.m.w.server.util.RequestParser - Parsed request StaticRequest{url='/index/all', method=GET, headers={Cache-Control= max-age=0, Accept= text/html,application/xhtml+xml,application/xml;q=0.9,image/webp,*/*;q=0.8, Upgrade-Insecure-Requests= 1, Connection= keep-alive, User-Agent= Mozilla/5.0 (X11; Linux x86_64) AppleWebKit/537.36 (KHTML, like Gecko) Chrome/56.0.2924.87 Safari/537.36, Host= localhost, Accept-Encoding= gzip, deflate, sdch, br, Accept-Language= ru-RU,ru;q=0.8,en-US;q=0.6,en;q=0.4}}
16:26:31.349 [pool-1-thread-1] INFO  c.m.w.s.util.ResponseHeaderGenerator - Headers for servlet were generated
16:26:31.407 [pool-1-thread-2] INFO  c.m.w.server.util.RequestParser - Parsed request StaticRequest{url='/index/styles/bootstrap.min.css', method=GET, headers={Accept= text/css,*/*;q=0.1, Connection= keep-alive, User-Agent= Mozilla/5.0 (X11; Linux x86_64) AppleWebKit/537.36 (KHTML, like Gecko) Chrome/56.0.2924.87 Safari/537.36, Referer= http, Host= localhost, Accept-Encoding= gzip, deflate, sdch, br, Accept-Language= ru-RU,ru;q=0.8,en-US;q=0.6,en;q=0.4}}
16:26:31.409 [pool-1-thread-3] INFO  c.m.w.server.util.RequestParser - Parsed request StaticRequest{url='/index/styles/styles.css', method=GET, headers={Accept= text/css,*/*;q=0.1, Connection= keep-alive, User-Agent= Mozilla/5.0 (X11; Linux x86_64) AppleWebKit/537.36 (KHTML, like Gecko) Chrome/56.0.2924.87 Safari/537.36, Referer= http, Host= localhost, Accept-Encoding= gzip, deflate, sdch, br, Accept-Language= ru-RU,ru;q=0.8,en-US;q=0.6,en;q=0.4}}
16:26:31.647 [pool-1-thread-3] WARN  c.m.webserver.file.ResourceReader - src/test/resources/webapp/index/styles/styles.css
16:26:31.648 [pool-1-thread-2] WARN  c.m.webserver.file.ResourceReader - src/test/resources/webapp/index/styles/bootstrap.min.css
16:26:31.661 [pool-1-thread-4] INFO  c.m.w.server.util.RequestParser - Parsed request StaticRequest{url='/index/styles/styles.css', method=GET, headers={Accept= text/css,*/*;q=0.1, Connection= keep-alive, User-Agent= Mozilla/5.0 (X11; Linux x86_64) AppleWebKit/537.36 (KHTML, like Gecko) Chrome/56.0.2924.87 Safari/537.36, Referer= http, Host= localhost, Accept-Encoding= gzip, deflate, sdch, br, Accept-Language= ru-RU,ru;q=0.8,en-US;q=0.6,en;q=0.4}}
16:26:31.662 [pool-1-thread-4] WARN  c.m.webserver.file.ResourceReader - src/test/resources/webapp/index/styles/styles.css
16:26:31.671 [pool-1-thread-5] INFO  c.m.w.server.util.RequestParser - Parsed request StaticRequest{url='/index/styles/bootstrap.min.css', method=GET, headers={Accept= text/css,*/*;q=0.1, Connection= keep-alive, User-Agent= Mozilla/5.0 (X11; Linux x86_64) AppleWebKit/537.36 (KHTML, like Gecko) Chrome/56.0.2924.87 Safari/537.36, Referer= http, Host= localhost, Accept-Encoding= gzip, deflate, sdch, br, Accept-Language= ru-RU,ru;q=0.8,en-US;q=0.6,en;q=0.4}}
16:26:31.672 [pool-1-thread-5] WARN  c.m.webserver.file.ResourceReader - src/test/resources/webapp/index/styles/bootstrap.min.css
16:26:31.680 [pool-1-thread-1] INFO  c.m.w.server.util.RequestParser - Parsed request StaticRequest{url='/index/styles/styles.css', method=GET, headers={Accept= text/css,*/*;q=0.1, Connection= keep-alive, User-Agent= Mozilla/5.0 (X11; Linux x86_64) AppleWebKit/537.36 (KHTML, like Gecko) Chrome/56.0.2924.87 Safari/537.36, Referer= http, Host= localhost, Accept-Encoding= gzip, deflate, sdch, br, Accept-Language= ru-RU,ru;q=0.8,en-US;q=0.6,en;q=0.4}}
16:26:31.681 [pool-1-thread-1] WARN  c.m.webserver.file.ResourceReader - src/test/resources/webapp/index/styles/styles.css
16:26:31.723 [pool-1-thread-6] INFO  c.m.w.server.util.RequestParser - Parsed request StaticRequest{url='/index/styles/bootstrap.min.css', method=GET, headers={Accept= text/css,*/*;q=0.1, Connection= keep-alive, User-Agent= Mozilla/5.0 (X11; Linux x86_64) AppleWebKit/537.36 (KHTML, like Gecko) Chrome/56.0.2924.87 Safari/537.36, Referer= http, Host= localhost, Accept-Encoding= gzip, deflate, sdch, br, Accept-Language= ru-RU,ru;q=0.8,en-US;q=0.6,en;q=0.4}}
16:26:31.723 [pool-1-thread-6] WARN  c.m.webserver.file.ResourceReader - src/test/resources/webapp/index/styles/bootstrap.min.css
16:26:31.734 [pool-1-thread-8] INFO  c.m.w.server.util.RequestParser - Parsed request StaticRequest{url='/index/styles/styles.css', method=GET, headers={Accept= text/css,*/*;q=0.1, Connection= keep-alive, User-Agent= Mozilla/5.0 (X11; Linux x86_64) AppleWebKit/537.36 (KHTML, like Gecko) Chrome/56.0.2924.87 Safari/537.36, Referer= http, Host= localhost, Accept-Encoding= gzip, deflate, sdch, br, Accept-Language= ru-RU,ru;q=0.8,en-US;q=0.6,en;q=0.4}}
16:26:31.734 [pool-1-thread-8] WARN  c.m.webserver.file.ResourceReader - src/test/resources/webapp/index/styles/styles.css
16:26:31.773 [pool-1-thread-11] INFO  c.m.w.server.util.RequestParser - Parsed request StaticRequest{url='/index/pic/1.jpg', method=GET, headers={Accept= image/webp,image/*,*/*;q=0.8, Connection= keep-alive, User-Agent= Mozilla/5.0 (X11; Linux x86_64) AppleWebKit/537.36 (KHTML, like Gecko) Chrome/56.0.2924.87 Safari/537.36, Referer= http, Host= localhost, Accept-Encoding= gzip, deflate, sdch, br, Accept-Language= ru-RU,ru;q=0.8,en-US;q=0.6,en;q=0.4}}
16:26:31.773 [pool-1-thread-11] WARN  c.m.webserver.file.ResourceReader - src/test/resources/webapp/index/pic/1.jpg
16:26:31.796 [pool-1-thread-12] INFO  c.m.w.server.util.RequestParser - Parsed request StaticRequest{url='/index/pic/2.jpg', method=GET, headers={Accept= image/webp,image/*,*/*;q=0.8, Connection= keep-alive, User-Agent= Mozilla/5.0 (X11; Linux x86_64) AppleWebKit/537.36 (KHTML, like Gecko) Chrome/56.0.2924.87 Safari/537.36, Referer= http, Host= localhost, Accept-Encoding= gzip, deflate, sdch, br, Accept-Language= ru-RU,ru;q=0.8,en-US;q=0.6,en;q=0.4}}
16:26:31.797 [pool-1-thread-12] WARN  c.m.webserver.file.ResourceReader - src/test/resources/webapp/index/pic/2.jpg
16:26:31.813 [pool-1-thread-13] INFO  c.m.w.server.util.RequestParser - Parsed request StaticRequest{url='/index/pic/3.jpg', method=GET, headers={Accept= image/webp,image/*,*/*;q=0.8, Connection= keep-alive, User-Agent= Mozilla/5.0 (X11; Linux x86_64) AppleWebKit/537.36 (KHTML, like Gecko) Chrome/56.0.2924.87 Safari/537.36, Referer= http, Host= localhost, Accept-Encoding= gzip, deflate, sdch, br, Accept-Language= ru-RU,ru;q=0.8,en-US;q=0.6,en;q=0.4}}
16:26:31.814 [pool-1-thread-13] WARN  c.m.webserver.file.ResourceReader - src/test/resources/webapp/index/pic/3.jpg
16:27:30.064 [main] INFO  c.m.w.server.util.ServletContext - Servlet com.miskevich.webserver.data.servlet.IndexServlet@78a773fd was registered by path /index/all
16:27:39.824 [pool-1-thread-1] INFO  c.m.w.server.util.RequestParser - Parsed request StaticRequest{url='/index/all', method=GET, headers={Cache-Control= max-age=0, Accept= text/html,application/xhtml+xml,application/xml;q=0.9,image/webp,*/*;q=0.8, Upgrade-Insecure-Requests= 1, Connection= keep-alive, User-Agent= Mozilla/5.0 (X11; Linux x86_64) AppleWebKit/537.36 (KHTML, like Gecko) Chrome/56.0.2924.87 Safari/537.36, Host= localhost, Accept-Encoding= gzip, deflate, sdch, br, Accept-Language= ru-RU,ru;q=0.8,en-US;q=0.6,en;q=0.4}}
16:27:40.167 [pool-1-thread-1] INFO  c.m.w.s.util.ResponseHeaderGenerator - Headers for servlet were generated
16:28:16.153 [main] INFO  c.m.w.server.util.ServletContext - Servlet com.miskevich.webserver.data.servlet.IndexServlet@14008db3 was registered by path /index/all
16:28:20.831 [pool-1-thread-1] INFO  c.m.w.server.util.RequestParser - Parsed request StaticRequest{url='/index/all', method=GET, headers={Cache-Control= max-age=0, Accept= text/html,application/xhtml+xml,application/xml;q=0.9,image/webp,*/*;q=0.8, Upgrade-Insecure-Requests= 1, Connection= keep-alive, User-Agent= Mozilla/5.0 (X11; Linux x86_64) AppleWebKit/537.36 (KHTML, like Gecko) Chrome/56.0.2924.87 Safari/537.36, Host= localhost, Accept-Encoding= gzip, deflate, sdch, br, Accept-Language= ru-RU,ru;q=0.8,en-US;q=0.6,en;q=0.4}}
16:28:21.206 [pool-1-thread-1] INFO  c.m.w.s.util.ResponseHeaderGenerator - Headers for servlet were generated
16:30:43.078 [main] INFO  c.m.w.server.util.ServletContext - Servlet com.miskevich.webserver.data.servlet.IndexServlet@14008db3 was registered by path /index/all
16:32:10.245 [pool-1-thread-10] INFO  c.m.w.server.util.RequestParser - Parsed request StaticRequest{url='/index/all', method=GET, headers={Cache-Control= max-age=0, Accept= text/html,application/xhtml+xml,application/xml;q=0.9,image/webp,*/*;q=0.8, Upgrade-Insecure-Requests= 1, Connection= keep-alive, User-Agent= Mozilla/5.0 (X11; Linux x86_64) AppleWebKit/537.36 (KHTML, like Gecko) Chrome/56.0.2924.87 Safari/537.36, Host= localhost, Accept-Encoding= gzip, deflate, sdch, br, Accept-Language= ru-RU,ru;q=0.8,en-US;q=0.6,en;q=0.4}}
16:32:10.607 [pool-1-thread-10] INFO  c.m.w.s.util.ResponseHeaderGenerator - Headers for servlet were generated
16:40:13.545 [pool-1-thread-12] INFO  c.m.w.server.util.RequestParser - Parsed request StaticRequest{url='/index/all', method=GET, headers={Cache-Control= max-age=0, Accept= text/html,application/xhtml+xml,application/xml;q=0.9,image/webp,*/*;q=0.8, Upgrade-Insecure-Requests= 1, Connection= keep-alive, User-Agent= Mozilla/5.0 (X11; Linux x86_64) AppleWebKit/537.36 (KHTML, like Gecko) Chrome/56.0.2924.87 Safari/537.36, Host= localhost, Accept-Encoding= gzip, deflate, sdch, br, Accept-Language= ru-RU,ru;q=0.8,en-US;q=0.6,en;q=0.4}}
16:40:13.546 [pool-1-thread-12] INFO  c.m.w.s.util.ResponseHeaderGenerator - Headers for servlet were generated
16:40:54.621 [pool-1-thread-17] INFO  c.m.w.server.util.RequestParser - Parsed request StaticRequest{url='/index/all', method=GET, headers={Cache-Control= max-age=0, Accept= text/html,application/xhtml+xml,application/xml;q=0.9,image/webp,*/*;q=0.8, Upgrade-Insecure-Requests= 1, Connection= keep-alive, User-Agent= Mozilla/5.0 (X11; Linux x86_64) AppleWebKit/537.36 (KHTML, like Gecko) Chrome/56.0.2924.87 Safari/537.36, Host= localhost, Accept-Encoding= gzip, deflate, sdch, br, Accept-Language= ru-RU,ru;q=0.8,en-US;q=0.6,en;q=0.4}}
16:40:54.622 [pool-1-thread-17] INFO  c.m.w.s.util.ResponseHeaderGenerator - Headers for servlet were generated
16:41:26.349 [pool-1-thread-22] INFO  c.m.w.server.util.RequestParser - Parsed request StaticRequest{url='/index/all', method=GET, headers={Cache-Control= max-age=0, Accept= text/html,application/xhtml+xml,application/xml;q=0.9,image/webp,*/*;q=0.8, Upgrade-Insecure-Requests= 1, Connection= keep-alive, User-Agent= Mozilla/5.0 (X11; Linux x86_64) AppleWebKit/537.36 (KHTML, like Gecko) Chrome/56.0.2924.87 Safari/537.36, Host= localhost, Accept-Encoding= gzip, deflate, sdch, br, Accept-Language= ru-RU,ru;q=0.8,en-US;q=0.6,en;q=0.4}}
16:41:26.350 [pool-1-thread-22] INFO  c.m.w.s.util.ResponseHeaderGenerator - Headers for servlet were generated
16:47:42.865 [main] INFO  c.m.w.server.util.ServletContext - Servlet com.miskevich.webserver.data.servlet.IndexServlet@73511076 was registered by path /index/all
16:47:58.339 [pool-1-thread-1] INFO  c.m.w.server.util.RequestParser - Parsed request StaticRequest{url='/index/all', method=GET, headers={Cache-Control= max-age=0, Accept= text/html,application/xhtml+xml,application/xml;q=0.9,image/webp,*/*;q=0.8, Upgrade-Insecure-Requests= 1, Connection= keep-alive, User-Agent= Mozilla/5.0 (X11; Linux x86_64) AppleWebKit/537.36 (KHTML, like Gecko) Chrome/56.0.2924.87 Safari/537.36, Host= localhost, Accept-Encoding= gzip, deflate, sdch, br, Accept-Language= ru-RU,ru;q=0.8,en-US;q=0.6,en;q=0.4}}
16:48:00.535 [pool-1-thread-1] INFO  c.m.w.s.util.ResponseHeaderGenerator - Headers for servlet were generated
16:48:52.670 [pool-1-thread-1] INFO  c.m.w.server.util.RequestParser - Parsed request StaticRequest{url='/index/all', method=GET, headers={Cache-Control= max-age=0, Accept= text/html,application/xhtml+xml,application/xml;q=0.9,image/webp,*/*;q=0.8, Upgrade-Insecure-Requests= 1, Connection= keep-alive, User-Agent= Mozilla/5.0 (X11; Linux x86_64) AppleWebKit/537.36 (KHTML, like Gecko) Chrome/56.0.2924.87 Safari/537.36, Host= localhost, Accept-Encoding= gzip, deflate, sdch, br, Accept-Language= ru-RU,ru;q=0.8,en-US;q=0.6,en;q=0.4}}
16:48:52.673 [pool-1-thread-1] INFO  c.m.w.s.util.ResponseHeaderGenerator - Headers for servlet were generated
16:49:05.054 [pool-1-thread-1] INFO  c.m.w.server.util.RequestParser - Parsed request StaticRequest{url='/index/all', method=GET, headers={Cache-Control= max-age=0, Accept= text/html,application/xhtml+xml,application/xml;q=0.9,image/webp,*/*;q=0.8, Upgrade-Insecure-Requests= 1, Connection= keep-alive, User-Agent= Mozilla/5.0 (X11; Linux x86_64) AppleWebKit/537.36 (KHTML, like Gecko) Chrome/56.0.2924.87 Safari/537.36, Host= localhost, Accept-Encoding= gzip, deflate, sdch, br, Accept-Language= ru-RU,ru;q=0.8,en-US;q=0.6,en;q=0.4}}
16:49:39.046 [pool-1-thread-1] INFO  c.m.w.s.util.ResponseHeaderGenerator - Headers for servlet were generated
16:49:46.791 [main] INFO  c.m.w.server.util.ServletContext - Servlet com.miskevich.webserver.data.servlet.IndexServlet@73511076 was registered by path /index/all
16:50:01.092 [pool-1-thread-1] INFO  c.m.w.server.util.RequestParser - Parsed request StaticRequest{url='/index/all', method=GET, headers={Cache-Control= max-age=0, Accept= text/html,application/xhtml+xml,application/xml;q=0.9,image/webp,*/*;q=0.8, Upgrade-Insecure-Requests= 1, Connection= keep-alive, User-Agent= Mozilla/5.0 (X11; Linux x86_64) AppleWebKit/537.36 (KHTML, like Gecko) Chrome/56.0.2924.87 Safari/537.36, Host= localhost, Accept-Encoding= gzip, deflate, sdch, br, Accept-Language= ru-RU,ru;q=0.8,en-US;q=0.6,en;q=0.4}}
16:50:54.410 [main] INFO  c.m.w.server.util.ServletContext - Servlet com.miskevich.webserver.data.servlet.IndexServlet@78a773fd was registered by path /index/all
16:50:59.147 [pool-1-thread-1] INFO  c.m.w.server.util.RequestParser - Parsed request StaticRequest{url='/index/all', method=GET, headers={Cache-Control= max-age=0, Accept= text/html,application/xhtml+xml,application/xml;q=0.9,image/webp,*/*;q=0.8, Upgrade-Insecure-Requests= 1, Connection= keep-alive, User-Agent= Mozilla/5.0 (X11; Linux x86_64) AppleWebKit/537.36 (KHTML, like Gecko) Chrome/56.0.2924.87 Safari/537.36, Host= localhost, Accept-Encoding= gzip, deflate, sdch, br, Accept-Language= ru-RU,ru;q=0.8,en-US;q=0.6,en;q=0.4}}
16:50:59.594 [pool-1-thread-1] INFO  c.m.w.s.util.ResponseHeaderGenerator - Headers for servlet were generated
16:53:27.608 [main] INFO  c.m.w.server.util.ServletContext - Servlet com.miskevich.webserver.data.servlet.IndexServlet@78a773fd was registered by path /index/all
16:53:30.883 [pool-1-thread-1] INFO  c.m.w.server.util.RequestParser - Parsed request StaticRequest{url='/index/all', method=GET, headers={Cache-Control= max-age=0, Accept= text/html,application/xhtml+xml,application/xml;q=0.9,image/webp,*/*;q=0.8, Upgrade-Insecure-Requests= 1, Connection= keep-alive, User-Agent= Mozilla/5.0 (X11; Linux x86_64) AppleWebKit/537.36 (KHTML, like Gecko) Chrome/56.0.2924.87 Safari/537.36, Host= localhost, Accept-Encoding= gzip, deflate, sdch, br, Accept-Language= ru-RU,ru;q=0.8,en-US;q=0.6,en;q=0.4}}
16:53:31.380 [pool-1-thread-1] INFO  c.m.w.s.util.ResponseHeaderGenerator - Headers for servlet were generated
16:54:12.408 [main] INFO  c.m.w.server.util.ServletContext - Servlet com.miskevich.webserver.data.servlet.IndexServlet@14008db3 was registered by path /index/all
16:54:16.296 [pool-1-thread-1] INFO  c.m.w.server.util.RequestParser - Parsed request StaticRequest{url='/index/all', method=GET, headers={Cache-Control= max-age=0, Accept= text/html,application/xhtml+xml,application/xml;q=0.9,image/webp,*/*;q=0.8, Upgrade-Insecure-Requests= 1, Connection= keep-alive, User-Agent= Mozilla/5.0 (X11; Linux x86_64) AppleWebKit/537.36 (KHTML, like Gecko) Chrome/56.0.2924.87 Safari/537.36, Host= localhost, Accept-Encoding= gzip, deflate, sdch, br, Accept-Language= ru-RU,ru;q=0.8,en-US;q=0.6,en;q=0.4}}
16:54:16.756 [pool-1-thread-1] INFO  c.m.w.s.util.ResponseHeaderGenerator - Headers for servlet were generated
16:55:52.379 [main] INFO  c.m.w.server.util.ServletContext - Servlet com.miskevich.webserver.data.servlet.IndexServlet@73511076 was registered by path /index/all
16:56:51.840 [pool-1-thread-1] INFO  c.m.w.server.util.RequestParser - Parsed request StaticRequest{url='/index/all', method=GET, headers={Cache-Control= max-age=0, Accept= text/html,application/xhtml+xml,application/xml;q=0.9,image/webp,*/*;q=0.8, Upgrade-Insecure-Requests= 1, Connection= keep-alive, User-Agent= Mozilla/5.0 (X11; Linux x86_64) AppleWebKit/537.36 (KHTML, like Gecko) Chrome/56.0.2924.87 Safari/537.36, Host= localhost, Accept-Encoding= gzip, deflate, sdch, br, Accept-Language= ru-RU,ru;q=0.8,en-US;q=0.6,en;q=0.4}}
16:59:00.862 [main] INFO  c.m.w.server.util.ServletContext - Servlet com.miskevich.webserver.data.servlet.IndexServlet@73511076 was registered by path /index/all
16:59:00.895 [main] ERROR c.miskevich.webserver.server.Server - Address already in use (Bind failed)
16:59:45.336 [main] INFO  c.m.w.server.util.ServletContext - Servlet com.miskevich.webserver.data.servlet.IndexServlet@73511076 was registered by path /index/all
17:00:43.899 [pool-1-thread-1] INFO  c.m.w.server.util.RequestParser - Parsed request StaticRequest{url='/index/all', method=GET, headers={Cache-Control= max-age=0, Accept= text/html,application/xhtml+xml,application/xml;q=0.9,image/webp,*/*;q=0.8, Upgrade-Insecure-Requests= 1, Connection= keep-alive, User-Agent= Mozilla/5.0 (X11; Linux x86_64) AppleWebKit/537.36 (KHTML, like Gecko) Chrome/56.0.2924.87 Safari/537.36, Host= localhost, Accept-Encoding= gzip, deflate, sdch, br, Accept-Language= ru-RU,ru;q=0.8,en-US;q=0.6,en;q=0.4}}
17:00:44.258 [pool-1-thread-1] INFO  c.m.w.s.util.ResponseHeaderGenerator - Headers for servlet were generated
17:01:14.125 [pool-1-thread-2] INFO  c.m.w.server.util.RequestParser - Parsed request StaticRequest{url='/styles/bootstrap.min.css', method=GET, headers={Cache-Control= max-age=0, Accept= text/css,*/*;q=0.1, Connection= keep-alive, User-Agent= Mozilla/5.0 (X11; Linux x86_64) AppleWebKit/537.36 (KHTML, like Gecko) Chrome/56.0.2924.87 Safari/537.36, Referer= http, Host= localhost, Accept-Encoding= gzip, deflate, sdch, br, Accept-Language= ru-RU,ru;q=0.8,en-US;q=0.6,en;q=0.4}}
17:01:21.345 [pool-1-thread-2] INFO  c.m.w.s.util.ResponseHeaderGenerator - Headers for static resource were generated
17:01:22.036 [pool-1-thread-3] INFO  c.m.w.server.util.RequestParser - Parsed request StaticRequest{url='/styles/styles.css', method=GET, headers={Cache-Control= max-age=0, Accept= text/css,*/*;q=0.1, Connection= keep-alive, User-Agent= Mozilla/5.0 (X11; Linux x86_64) AppleWebKit/537.36 (KHTML, like Gecko) Chrome/56.0.2924.87 Safari/537.36, Referer= http, Host= localhost, Accept-Encoding= gzip, deflate, sdch, br, Accept-Language= ru-RU,ru;q=0.8,en-US;q=0.6,en;q=0.4}}
17:01:22.037 [pool-1-thread-3] INFO  c.m.w.s.util.ResponseHeaderGenerator - Headers for static resource were generated
17:01:47.709 [pool-1-thread-4] INFO  c.m.w.server.util.RequestParser - Parsed request StaticRequest{url='/pic/1.jpg', method=GET, headers={Cache-Control= max-age=0, Accept= image/webp,image/*,*/*;q=0.8, Connection= keep-alive, User-Agent= Mozilla/5.0 (X11; Linux x86_64) AppleWebKit/537.36 (KHTML, like Gecko) Chrome/56.0.2924.87 Safari/537.36, Referer= http, Host= localhost, Accept-Encoding= gzip, deflate, sdch, br, Accept-Language= ru-RU,ru;q=0.8,en-US;q=0.6,en;q=0.4}}
17:01:47.709 [pool-1-thread-4] INFO  c.m.w.s.util.ResponseHeaderGenerator - Headers for static resource were generated
17:01:51.272 [pool-1-thread-1] INFO  c.m.w.server.util.RequestParser - Parsed request StaticRequest{url='/pic/3.jpg', method=GET, headers={Cache-Control= max-age=0, Accept= image/webp,image/*,*/*;q=0.8, Connection= keep-alive, User-Agent= Mozilla/5.0 (X11; Linux x86_64) AppleWebKit/537.36 (KHTML, like Gecko) Chrome/56.0.2924.87 Safari/537.36, Referer= http, Host= localhost, Accept-Encoding= gzip, deflate, sdch, br, Accept-Language= ru-RU,ru;q=0.8,en-US;q=0.6,en;q=0.4}}
17:01:51.273 [pool-1-thread-2] INFO  c.m.w.server.util.RequestParser - Parsed request StaticRequest{url='/pic/4.jpg', method=GET, headers={Cache-Control= max-age=0, Accept= image/webp,image/*,*/*;q=0.8, Connection= keep-alive, User-Agent= Mozilla/5.0 (X11; Linux x86_64) AppleWebKit/537.36 (KHTML, like Gecko) Chrome/56.0.2924.87 Safari/537.36, Referer= http, Host= localhost, Accept-Encoding= gzip, deflate, sdch, br, Accept-Language= ru-RU,ru;q=0.8,en-US;q=0.6,en;q=0.4}}
17:01:51.273 [pool-1-thread-1] INFO  c.m.w.s.util.ResponseHeaderGenerator - Headers for static resource were generated
17:01:51.273 [pool-1-thread-2] INFO  c.m.w.s.util.ResponseHeaderGenerator - Headers for static resource were generated
17:01:51.278 [pool-1-thread-1] INFO  c.m.w.server.util.RequestParser - Parsed request StaticRequest{url='/pic/8.jpg', method=GET, headers={Cache-Control= max-age=0, Accept= image/webp,image/*,*/*;q=0.8, Connection= keep-alive, User-Agent= Mozilla/5.0 (X11; Linux x86_64) AppleWebKit/537.36 (KHTML, like Gecko) Chrome/56.0.2924.87 Safari/537.36, Referer= http, Host= localhost, Accept-Encoding= gzip, deflate, sdch, br, Accept-Language= ru-RU,ru;q=0.8,en-US;q=0.6,en;q=0.4}}
17:01:51.279 [pool-1-thread-1] INFO  c.m.w.s.util.ResponseHeaderGenerator - Headers for static resource were generated
17:01:51.278 [pool-1-thread-4] INFO  c.m.w.server.util.RequestParser - Parsed request StaticRequest{url='/pic/6.jpg', method=GET, headers={Cache-Control= max-age=0, Accept= image/webp,image/*,*/*;q=0.8, Connection= keep-alive, User-Agent= Mozilla/5.0 (X11; Linux x86_64) AppleWebKit/537.36 (KHTML, like Gecko) Chrome/56.0.2924.87 Safari/537.36, Referer= http, Host= localhost, Accept-Encoding= gzip, deflate, sdch, br, Accept-Language= ru-RU,ru;q=0.8,en-US;q=0.6,en;q=0.4}}
17:01:51.280 [pool-1-thread-4] INFO  c.m.w.s.util.ResponseHeaderGenerator - Headers for static resource were generated
17:01:51.284 [pool-1-thread-3] INFO  c.m.w.server.util.RequestParser - Parsed request StaticRequest{url='/pic/5.jpg', method=GET, headers={Cache-Control= max-age=0, Accept= image/webp,image/*,*/*;q=0.8, Connection= keep-alive, User-Agent= Mozilla/5.0 (X11; Linux x86_64) AppleWebKit/537.36 (KHTML, like Gecko) Chrome/56.0.2924.87 Safari/537.36, Referer= http, Host= localhost, Accept-Encoding= gzip, deflate, sdch, br, Accept-Language= ru-RU,ru;q=0.8,en-US;q=0.6,en;q=0.4}}
17:01:51.285 [pool-1-thread-3] INFO  c.m.w.s.util.ResponseHeaderGenerator - Headers for static resource were generated
17:01:51.290 [pool-1-thread-5] INFO  c.m.w.server.util.RequestParser - Parsed request StaticRequest{url='/pic/2.jpg', method=GET, headers={Cache-Control= max-age=0, Accept= image/webp,image/*,*/*;q=0.8, Connection= keep-alive, User-Agent= Mozilla/5.0 (X11; Linux x86_64) AppleWebKit/537.36 (KHTML, like Gecko) Chrome/56.0.2924.87 Safari/537.36, Referer= http, Host= localhost, Accept-Encoding= gzip, deflate, sdch, br, Accept-Language= ru-RU,ru;q=0.8,en-US;q=0.6,en;q=0.4}}
17:01:51.291 [pool-1-thread-5] INFO  c.m.w.s.util.ResponseHeaderGenerator - Headers for static resource were generated
17:02:04.676 [main] INFO  c.m.w.server.util.ServletContext - Servlet com.miskevich.webserver.data.servlet.IndexServlet@73511076 was registered by path /index/all
17:03:04.176 [pool-1-thread-1] INFO  c.m.w.server.util.RequestParser - Parsed request StaticRequest{url='/index/all', method=GET, headers={Cache-Control= max-age=0, Accept= text/html,application/xhtml+xml,application/xml;q=0.9,image/webp,*/*;q=0.8, Upgrade-Insecure-Requests= 1, Connection= keep-alive, User-Agent= Mozilla/5.0 (X11; Linux x86_64) AppleWebKit/537.36 (KHTML, like Gecko) Chrome/56.0.2924.87 Safari/537.36, Host= localhost, Accept-Encoding= gzip, deflate, sdch, br, Accept-Language= ru-RU,ru;q=0.8,en-US;q=0.6,en;q=0.4}}
17:05:10.986 [main] INFO  c.m.w.server.util.ServletContext - Servlet com.miskevich.webserver.data.servlet.IndexServlet@78a773fd was registered by path /index/all
17:05:37.318 [pool-1-thread-1] INFO  c.m.w.server.util.RequestParser - Parsed request StaticRequest{url='/index/all', method=GET, headers={Cache-Control= max-age=0, Accept= text/html,application/xhtml+xml,application/xml;q=0.9,image/webp,*/*;q=0.8, Upgrade-Insecure-Requests= 1, Connection= keep-alive, User-Agent= Mozilla/5.0 (X11; Linux x86_64) AppleWebKit/537.36 (KHTML, like Gecko) Chrome/56.0.2924.87 Safari/537.36, Host= localhost, Accept-Encoding= gzip, deflate, sdch, br, Accept-Language= ru-RU,ru;q=0.8,en-US;q=0.6,en;q=0.4}}
17:05:37.681 [pool-1-thread-1] INFO  c.m.w.s.util.ResponseHeaderGenerator - Headers for servlet were generated
17:13:31.215 [pool-1-thread-6] INFO  c.m.w.server.util.RequestParser - Parsed request StaticRequest{url='/index/all', method=GET, headers={Cache-Control= max-age=0, Accept= text/html,application/xhtml+xml,application/xml;q=0.9,image/webp,*/*;q=0.8, Upgrade-Insecure-Requests= 1, Connection= keep-alive, User-Agent= Mozilla/5.0 (X11; Linux x86_64) AppleWebKit/537.36 (KHTML, like Gecko) Chrome/56.0.2924.87 Safari/537.36, Host= localhost, Accept-Encoding= gzip, deflate, sdch, br, Accept-Language= ru-RU,ru;q=0.8,en-US;q=0.6,en;q=0.4}}
17:13:31.216 [pool-1-thread-6] INFO  c.m.w.s.util.ResponseHeaderGenerator - Headers for servlet were generated
17:14:16.733 [main] INFO  c.m.w.server.util.ServletContext - Servlet com.miskevich.webserver.data.servlet.IndexServlet@78a773fd was registered by path /index/all
17:14:24.861 [pool-1-thread-1] INFO  c.m.w.server.util.RequestParser - Parsed request StaticRequest{url='/index/all', method=GET, headers={Cache-Control= max-age=0, Accept= text/html,application/xhtml+xml,application/xml;q=0.9,image/webp,*/*;q=0.8, Upgrade-Insecure-Requests= 1, Connection= keep-alive, User-Agent= Mozilla/5.0 (X11; Linux x86_64) AppleWebKit/537.36 (KHTML, like Gecko) Chrome/56.0.2924.87 Safari/537.36, Host= localhost, Accept-Encoding= gzip, deflate, sdch, br, Accept-Language= ru-RU,ru;q=0.8,en-US;q=0.6,en;q=0.4}}
17:14:25.312 [pool-1-thread-1] INFO  c.m.w.s.util.ResponseHeaderGenerator - Headers for servlet were generated
17:15:16.235 [pool-1-thread-2] INFO  c.m.w.server.util.RequestParser - Parsed request StaticRequest{url='/index/all', method=GET, headers={Cache-Control= max-age=0, Accept= text/html,application/xhtml+xml,application/xml;q=0.9,image/webp,*/*;q=0.8, Upgrade-Insecure-Requests= 1, Connection= keep-alive, User-Agent= Mozilla/5.0 (X11; Linux x86_64) AppleWebKit/537.36 (KHTML, like Gecko) Chrome/56.0.2924.87 Safari/537.36, Host= localhost, Accept-Encoding= gzip, deflate, sdch, br, Accept-Language= ru-RU,ru;q=0.8,en-US;q=0.6,en;q=0.4}}
17:15:16.240 [pool-1-thread-2] INFO  c.m.w.s.util.ResponseHeaderGenerator - Headers for servlet were generated
17:15:45.117 [main] INFO  c.m.w.server.util.ServletContext - Servlet com.miskevich.webserver.data.servlet.IndexServlet@78a773fd was registered by path /index/all
17:15:51.032 [pool-1-thread-1] INFO  c.m.w.server.util.RequestParser - Parsed request StaticRequest{url='/index/all', method=GET, headers={Cache-Control= max-age=0, Accept= text/html,application/xhtml+xml,application/xml;q=0.9,image/webp,*/*;q=0.8, Upgrade-Insecure-Requests= 1, Connection= keep-alive, User-Agent= Mozilla/5.0 (X11; Linux x86_64) AppleWebKit/537.36 (KHTML, like Gecko) Chrome/56.0.2924.87 Safari/537.36, Host= localhost, Accept-Encoding= gzip, deflate, sdch, br, Accept-Language= ru-RU,ru;q=0.8,en-US;q=0.6,en;q=0.4}}
17:15:51.362 [pool-1-thread-1] INFO  c.m.w.s.util.ResponseHeaderGenerator - Headers for servlet were generated
17:16:14.158 [pool-1-thread-9] INFO  c.m.w.server.util.RequestParser - Parsed request StaticRequest{url='/index/all', method=GET, headers={Cache-Control= max-age=0, Accept= text/html,application/xhtml+xml,application/xml;q=0.9,image/webp,*/*;q=0.8, Upgrade-Insecure-Requests= 1, Connection= keep-alive, User-Agent= Mozilla/5.0 (X11; Linux x86_64) AppleWebKit/537.36 (KHTML, like Gecko) Chrome/56.0.2924.87 Safari/537.36, Host= localhost, Accept-Encoding= gzip, deflate, sdch, br, Accept-Language= ru-RU,ru;q=0.8,en-US;q=0.6,en;q=0.4}}
17:16:14.159 [pool-1-thread-9] INFO  c.m.w.s.util.ResponseHeaderGenerator - Headers for servlet were generated
17:17:00.658 [pool-1-thread-8] INFO  c.m.w.server.util.RequestParser - Parsed request StaticRequest{url='/index/all', method=GET, headers={Cache-Control= no-cache, Accept= text/html,application/xhtml+xml,application/xml;q=0.9,image/webp,*/*;q=0.8, Upgrade-Insecure-Requests= 1, Connection= keep-alive, User-Agent= Mozilla/5.0 (X11; Linux x86_64) AppleWebKit/537.36 (KHTML, like Gecko) Chrome/56.0.2924.87 Safari/537.36, Host= localhost, Pragma= no-cache, Accept-Encoding= gzip, deflate, sdch, br, Accept-Language= ru-RU,ru;q=0.8,en-US;q=0.6,en;q=0.4}}
17:17:00.662 [pool-1-thread-8] INFO  c.m.w.s.util.ResponseHeaderGenerator - Headers for servlet were generated
17:17:00.717 [pool-1-thread-6] INFO  c.m.w.server.util.RequestParser - Parsed request StaticRequest{url='/styles/bootstrap.min.css', method=GET, headers={Cache-Control= no-cache, Accept= text/css,*/*;q=0.1, Connection= keep-alive, User-Agent= Mozilla/5.0 (X11; Linux x86_64) AppleWebKit/537.36 (KHTML, like Gecko) Chrome/56.0.2924.87 Safari/537.36, Referer= http, Host= localhost, Pragma= no-cache, Accept-Encoding= gzip, deflate, sdch, br, Accept-Language= ru-RU,ru;q=0.8,en-US;q=0.6,en;q=0.4}}
17:17:00.735 [pool-1-thread-7] INFO  c.m.w.server.util.RequestParser - Parsed request StaticRequest{url='/styles/styles.css', method=GET, headers={Cache-Control= no-cache, Accept= text/css,*/*;q=0.1, Connection= keep-alive, User-Agent= Mozilla/5.0 (X11; Linux x86_64) AppleWebKit/537.36 (KHTML, like Gecko) Chrome/56.0.2924.87 Safari/537.36, Referer= http, Host= localhost, Pragma= no-cache, Accept-Encoding= gzip, deflate, sdch, br, Accept-Language= ru-RU,ru;q=0.8,en-US;q=0.6,en;q=0.4}}
17:17:00.781 [pool-1-thread-6] INFO  c.m.w.s.util.ResponseHeaderGenerator - Headers for static resource were generated
17:17:00.782 [pool-1-thread-7] INFO  c.m.w.s.util.ResponseHeaderGenerator - Headers for static resource were generated
17:17:00.829 [pool-1-thread-10] INFO  c.m.w.server.util.RequestParser - Parsed request StaticRequest{url='/pic/1.jpg', method=GET, headers={Cache-Control= no-cache, Accept= image/webp,image/*,*/*;q=0.8, Connection= keep-alive, User-Agent= Mozilla/5.0 (X11; Linux x86_64) AppleWebKit/537.36 (KHTML, like Gecko) Chrome/56.0.2924.87 Safari/537.36, Referer= http, Host= localhost, Pragma= no-cache, Accept-Encoding= gzip, deflate, sdch, br, Accept-Language= ru-RU,ru;q=0.8,en-US;q=0.6,en;q=0.4}}
17:17:00.832 [pool-1-thread-9] INFO  c.m.w.server.util.RequestParser - Parsed request StaticRequest{url='/pic/2.jpg', method=GET, headers={Cache-Control= no-cache, Accept= image/webp,image/*,*/*;q=0.8, Connection= keep-alive, User-Agent= Mozilla/5.0 (X11; Linux x86_64) AppleWebKit/537.36 (KHTML, like Gecko) Chrome/56.0.2924.87 Safari/537.36, Referer= http, Host= localhost, Pragma= no-cache, Accept-Encoding= gzip, deflate, sdch, br, Accept-Language= ru-RU,ru;q=0.8,en-US;q=0.6,en;q=0.4}}
17:17:00.832 [pool-1-thread-10] INFO  c.m.w.s.util.ResponseHeaderGenerator - Headers for static resource were generated
17:17:00.833 [pool-1-thread-9] INFO  c.m.w.s.util.ResponseHeaderGenerator - Headers for static resource were generated
17:17:00.839 [pool-1-thread-8] INFO  c.m.w.server.util.RequestParser - Parsed request StaticRequest{url='/pic/3.jpg', method=GET, headers={Cache-Control= no-cache, Accept= image/webp,image/*,*/*;q=0.8, Connection= keep-alive, User-Agent= Mozilla/5.0 (X11; Linux x86_64) AppleWebKit/537.36 (KHTML, like Gecko) Chrome/56.0.2924.87 Safari/537.36, Referer= http, Host= localhost, Pragma= no-cache, Accept-Encoding= gzip, deflate, sdch, br, Accept-Language= ru-RU,ru;q=0.8,en-US;q=0.6,en;q=0.4}}
17:17:00.841 [pool-1-thread-8] INFO  c.m.w.s.util.ResponseHeaderGenerator - Headers for static resource were generated
17:17:00.848 [pool-1-thread-6] INFO  c.m.w.server.util.RequestParser - Parsed request StaticRequest{url='/pic/4.jpg', method=GET, headers={Cache-Control= no-cache, Accept= image/webp,image/*,*/*;q=0.8, Connection= keep-alive, User-Agent= Mozilla/5.0 (X11; Linux x86_64) AppleWebKit/537.36 (KHTML, like Gecko) Chrome/56.0.2924.87 Safari/537.36, Referer= http, Host= localhost, Pragma= no-cache, Accept-Encoding= gzip, deflate, sdch, br, Accept-Language= ru-RU,ru;q=0.8,en-US;q=0.6,en;q=0.4}}
17:17:00.849 [pool-1-thread-6] INFO  c.m.w.s.util.ResponseHeaderGenerator - Headers for static resource were generated
17:17:00.856 [pool-1-thread-7] INFO  c.m.w.server.util.RequestParser - Parsed request StaticRequest{url='/pic/5.jpg', method=GET, headers={Cache-Control= no-cache, Accept= image/webp,image/*,*/*;q=0.8, Connection= keep-alive, User-Agent= Mozilla/5.0 (X11; Linux x86_64) AppleWebKit/537.36 (KHTML, like Gecko) Chrome/56.0.2924.87 Safari/537.36, Referer= http, Host= localhost, Pragma= no-cache, Accept-Encoding= gzip, deflate, sdch, br, Accept-Language= ru-RU,ru;q=0.8,en-US;q=0.6,en;q=0.4}}
17:17:00.857 [pool-1-thread-7] INFO  c.m.w.s.util.ResponseHeaderGenerator - Headers for static resource were generated
17:17:00.881 [pool-1-thread-9] INFO  c.m.w.server.util.RequestParser - Parsed request StaticRequest{url='/pic/6.jpg', method=GET, headers={Cache-Control= no-cache, Accept= image/webp,image/*,*/*;q=0.8, Connection= keep-alive, User-Agent= Mozilla/5.0 (X11; Linux x86_64) AppleWebKit/537.36 (KHTML, like Gecko) Chrome/56.0.2924.87 Safari/537.36, Referer= http, Host= localhost, Pragma= no-cache, Accept-Encoding= gzip, deflate, sdch, br, Accept-Language= ru-RU,ru;q=0.8,en-US;q=0.6,en;q=0.4}}
17:17:00.882 [pool-1-thread-9] INFO  c.m.w.s.util.ResponseHeaderGenerator - Headers for static resource were generated
17:17:01.280 [pool-1-thread-10] INFO  c.m.w.server.util.RequestParser - Parsed request StaticRequest{url='/pic/8.jpg', method=GET, headers={Cache-Control= no-cache, Accept= image/webp,image/*,*/*;q=0.8, Connection= keep-alive, User-Agent= Mozilla/5.0 (X11; Linux x86_64) AppleWebKit/537.36 (KHTML, like Gecko) Chrome/56.0.2924.87 Safari/537.36, Referer= http, Host= localhost, Pragma= no-cache, Accept-Encoding= gzip, deflate, sdch, br, Accept-Language= ru-RU,ru;q=0.8,en-US;q=0.6,en;q=0.4}}
17:17:01.280 [pool-1-thread-10] INFO  c.m.w.s.util.ResponseHeaderGenerator - Headers for static resource were generated
17:17:01.322 [pool-1-thread-8] INFO  c.m.w.server.util.RequestParser - Parsed request StaticRequest{url='/pic/9.jpg', method=GET, headers={Cache-Control= no-cache, Accept= image/webp,image/*,*/*;q=0.8, Connection= keep-alive, User-Agent= Mozilla/5.0 (X11; Linux x86_64) AppleWebKit/537.36 (KHTML, like Gecko) Chrome/56.0.2924.87 Safari/537.36, Referer= http, Host= localhost, Pragma= no-cache, Accept-Encoding= gzip, deflate, sdch, br, Accept-Language= ru-RU,ru;q=0.8,en-US;q=0.6,en;q=0.4}}
17:17:01.323 [pool-1-thread-8] INFO  c.m.w.s.util.ResponseHeaderGenerator - Headers for static resource were generated
17:17:01.345 [pool-1-thread-6] INFO  c.m.w.server.util.RequestParser - Parsed request StaticRequest{url='/pic/7.jpg', method=GET, headers={Cache-Control= no-cache, Accept= image/webp,image/*,*/*;q=0.8, Connection= keep-alive, User-Agent= Mozilla/5.0 (X11; Linux x86_64) AppleWebKit/537.36 (KHTML, like Gecko) Chrome/56.0.2924.87 Safari/537.36, Referer= http, Host= localhost, Pragma= no-cache, Accept-Encoding= gzip, deflate, sdch, br, Accept-Language= ru-RU,ru;q=0.8,en-US;q=0.6,en;q=0.4}}
17:17:01.346 [pool-1-thread-6] INFO  c.m.w.s.util.ResponseHeaderGenerator - Headers for static resource were generated
17:17:01.405 [pool-1-thread-7] INFO  c.m.w.server.util.RequestParser - Parsed request StaticRequest{url='/pic/10.jpg', method=GET, headers={Cache-Control= no-cache, Accept= image/webp,image/*,*/*;q=0.8, Connection= keep-alive, User-Agent= Mozilla/5.0 (X11; Linux x86_64) AppleWebKit/537.36 (KHTML, like Gecko) Chrome/56.0.2924.87 Safari/537.36, Referer= http, Host= localhost, Pragma= no-cache, Accept-Encoding= gzip, deflate, sdch, br, Accept-Language= ru-RU,ru;q=0.8,en-US;q=0.6,en;q=0.4}}
17:17:01.406 [pool-1-thread-7] INFO  c.m.w.s.util.ResponseHeaderGenerator - Headers for static resource were generated
17:17:01.419 [pool-1-thread-9] INFO  c.m.w.server.util.RequestParser - Parsed request StaticRequest{url='/pic/11.jpg', method=GET, headers={Cache-Control= no-cache, Accept= image/webp,image/*,*/*;q=0.8, Connection= keep-alive, User-Agent= Mozilla/5.0 (X11; Linux x86_64) AppleWebKit/537.36 (KHTML, like Gecko) Chrome/56.0.2924.87 Safari/537.36, Referer= http, Host= localhost, Pragma= no-cache, Accept-Encoding= gzip, deflate, sdch, br, Accept-Language= ru-RU,ru;q=0.8,en-US;q=0.6,en;q=0.4}}
17:17:01.419 [pool-1-thread-9] INFO  c.m.w.s.util.ResponseHeaderGenerator - Headers for static resource were generated
17:17:01.428 [pool-1-thread-10] INFO  c.m.w.server.util.RequestParser - Parsed request StaticRequest{url='/pic/12.jpg', method=GET, headers={Cache-Control= no-cache, Accept= image/webp,image/*,*/*;q=0.8, Connection= keep-alive, User-Agent= Mozilla/5.0 (X11; Linux x86_64) AppleWebKit/537.36 (KHTML, like Gecko) Chrome/56.0.2924.87 Safari/537.36, Referer= http, Host= localhost, Pragma= no-cache, Accept-Encoding= gzip, deflate, sdch, br, Accept-Language= ru-RU,ru;q=0.8,en-US;q=0.6,en;q=0.4}}
17:17:01.429 [pool-1-thread-10] INFO  c.m.w.s.util.ResponseHeaderGenerator - Headers for static resource were generated
17:17:01.706 [pool-1-thread-8] INFO  c.m.w.server.util.RequestParser - Parsed request StaticRequest{url='/pic/13.jpg', method=GET, headers={Cache-Control= no-cache, Accept= image/webp,image/*,*/*;q=0.8, Connection= keep-alive, User-Agent= Mozilla/5.0 (X11; Linux x86_64) AppleWebKit/537.36 (KHTML, like Gecko) Chrome/56.0.2924.87 Safari/537.36, Referer= http, Host= localhost, Pragma= no-cache, Accept-Encoding= gzip, deflate, sdch, br, Accept-Language= ru-RU,ru;q=0.8,en-US;q=0.6,en;q=0.4}}
17:17:01.707 [pool-1-thread-8] INFO  c.m.w.s.util.ResponseHeaderGenerator - Headers for static resource were generated
17:17:01.735 [pool-1-thread-6] INFO  c.m.w.server.util.RequestParser - Parsed request StaticRequest{url='/pic/14.jpg', method=GET, headers={Cache-Control= no-cache, Accept= image/webp,image/*,*/*;q=0.8, Connection= keep-alive, User-Agent= Mozilla/5.0 (X11; Linux x86_64) AppleWebKit/537.36 (KHTML, like Gecko) Chrome/56.0.2924.87 Safari/537.36, Referer= http, Host= localhost, Pragma= no-cache, Accept-Encoding= gzip, deflate, sdch, br, Accept-Language= ru-RU,ru;q=0.8,en-US;q=0.6,en;q=0.4}}
17:17:01.736 [pool-1-thread-6] INFO  c.m.w.s.util.ResponseHeaderGenerator - Headers for static resource were generated
17:17:01.742 [pool-1-thread-7] INFO  c.m.w.server.util.RequestParser - Parsed request StaticRequest{url='/pic/15.jpg', method=GET, headers={Cache-Control= no-cache, Accept= image/webp,image/*,*/*;q=0.8, Connection= keep-alive, User-Agent= Mozilla/5.0 (X11; Linux x86_64) AppleWebKit/537.36 (KHTML, like Gecko) Chrome/56.0.2924.87 Safari/537.36, Referer= http, Host= localhost, Pragma= no-cache, Accept-Encoding= gzip, deflate, sdch, br, Accept-Language= ru-RU,ru;q=0.8,en-US;q=0.6,en;q=0.4}}
17:17:01.742 [pool-1-thread-7] INFO  c.m.w.s.util.ResponseHeaderGenerator - Headers for static resource were generated
17:17:01.749 [pool-1-thread-9] INFO  c.m.w.server.util.RequestParser - Parsed request StaticRequest{url='/pic/17.jpg', method=GET, headers={Cache-Control= no-cache, Accept= image/webp,image/*,*/*;q=0.8, Connection= keep-alive, User-Agent= Mozilla/5.0 (X11; Linux x86_64) AppleWebKit/537.36 (KHTML, like Gecko) Chrome/56.0.2924.87 Safari/537.36, Referer= http, Host= localhost, Pragma= no-cache, Accept-Encoding= gzip, deflate, sdch, br, Accept-Language= ru-RU,ru;q=0.8,en-US;q=0.6,en;q=0.4}}
17:17:01.750 [pool-1-thread-9] INFO  c.m.w.s.util.ResponseHeaderGenerator - Headers for static resource were generated
17:17:01.764 [pool-1-thread-10] INFO  c.m.w.server.util.RequestParser - Parsed request StaticRequest{url='/pic/18.jpg', method=GET, headers={Cache-Control= no-cache, Accept= image/webp,image/*,*/*;q=0.8, Connection= keep-alive, User-Agent= Mozilla/5.0 (X11; Linux x86_64) AppleWebKit/537.36 (KHTML, like Gecko) Chrome/56.0.2924.87 Safari/537.36, Referer= http, Host= localhost, Pragma= no-cache, Accept-Encoding= gzip, deflate, sdch, br, Accept-Language= ru-RU,ru;q=0.8,en-US;q=0.6,en;q=0.4}}
17:17:01.765 [pool-1-thread-10] INFO  c.m.w.s.util.ResponseHeaderGenerator - Headers for static resource were generated
17:17:01.808 [pool-1-thread-8] INFO  c.m.w.server.util.RequestParser - Parsed request StaticRequest{url='/pic/19.jpg', method=GET, headers={Cache-Control= no-cache, Accept= image/webp,image/*,*/*;q=0.8, Connection= keep-alive, User-Agent= Mozilla/5.0 (X11; Linux x86_64) AppleWebKit/537.36 (KHTML, like Gecko) Chrome/56.0.2924.87 Safari/537.36, Referer= http, Host= localhost, Pragma= no-cache, Accept-Encoding= gzip, deflate, sdch, br, Accept-Language= ru-RU,ru;q=0.8,en-US;q=0.6,en;q=0.4}}
17:17:01.808 [pool-1-thread-8] INFO  c.m.w.s.util.ResponseHeaderGenerator - Headers for static resource were generated
17:17:03.222 [pool-1-thread-6] INFO  c.m.w.server.util.RequestParser - Parsed request StaticRequest{url='/pic/20.jpg', method=GET, headers={Cache-Control= no-cache, Accept= image/webp,image/*,*/*;q=0.8, Connection= keep-alive, User-Agent= Mozilla/5.0 (X11; Linux x86_64) AppleWebKit/537.36 (KHTML, like Gecko) Chrome/56.0.2924.87 Safari/537.36, Referer= http, Host= localhost, Pragma= no-cache, Accept-Encoding= gzip, deflate, sdch, br, Accept-Language= ru-RU,ru;q=0.8,en-US;q=0.6,en;q=0.4}}
17:17:03.223 [pool-1-thread-6] INFO  c.m.w.s.util.ResponseHeaderGenerator - Headers for static resource were generated
17:17:50.282 [pool-1-thread-7] INFO  c.m.w.server.util.RequestParser - Parsed request StaticRequest{url='/index/all', method=GET, headers={Cache-Control= max-age=0, Accept= text/html,application/xhtml+xml,application/xml;q=0.9,image/webp,*/*;q=0.8, Upgrade-Insecure-Requests= 1, Connection= keep-alive, User-Agent= Mozilla/5.0 (X11; Linux x86_64) AppleWebKit/537.36 (KHTML, like Gecko) Chrome/56.0.2924.87 Safari/537.36, Host= localhost, Accept-Encoding= gzip, deflate, sdch, br, Accept-Language= ru-RU,ru;q=0.8,en-US;q=0.6,en;q=0.4}}
17:17:50.283 [pool-1-thread-7] INFO  c.m.w.s.util.ResponseHeaderGenerator - Headers for servlet were generated
17:18:17.940 [main] INFO  c.m.w.server.util.ServletContext - Servlet com.miskevich.webserver.data.servlet.IndexServlet@78a773fd was registered by path /index/all
17:18:30.565 [pool-1-thread-1] INFO  c.m.w.server.util.RequestParser - Parsed request StaticRequest{url='/index/all', method=GET, headers={Cache-Control= no-cache, Accept= text/html,application/xhtml+xml,application/xml;q=0.9,image/webp,*/*;q=0.8, Upgrade-Insecure-Requests= 1, Connection= keep-alive, User-Agent= Mozilla/5.0 (X11; Linux x86_64) AppleWebKit/537.36 (KHTML, like Gecko) Chrome/56.0.2924.87 Safari/537.36, Host= localhost, Pragma= no-cache, Accept-Encoding= gzip, deflate, sdch, br, Accept-Language= ru-RU,ru;q=0.8,en-US;q=0.6,en;q=0.4}}
17:18:30.845 [pool-1-thread-1] INFO  c.m.w.s.util.ResponseHeaderGenerator - Headers for servlet were generated
17:18:30.920 [pool-1-thread-2] INFO  c.m.w.server.util.RequestParser - Parsed request StaticRequest{url='/styles/bootstrap.min.css', method=GET, headers={Cache-Control= no-cache, Accept= text/css,*/*;q=0.1, Connection= keep-alive, User-Agent= Mozilla/5.0 (X11; Linux x86_64) AppleWebKit/537.36 (KHTML, like Gecko) Chrome/56.0.2924.87 Safari/537.36, Referer= http, Host= localhost, Pragma= no-cache, Accept-Encoding= gzip, deflate, sdch, br, Accept-Language= ru-RU,ru;q=0.8,en-US;q=0.6,en;q=0.4}}
17:18:30.928 [pool-1-thread-3] INFO  c.m.w.server.util.RequestParser - Parsed request StaticRequest{url='/styles/styles.css', method=GET, headers={Cache-Control= no-cache, Accept= text/css,*/*;q=0.1, Connection= keep-alive, User-Agent= Mozilla/5.0 (X11; Linux x86_64) AppleWebKit/537.36 (KHTML, like Gecko) Chrome/56.0.2924.87 Safari/537.36, Referer= http, Host= localhost, Pragma= no-cache, Accept-Encoding= gzip, deflate, sdch, br, Accept-Language= ru-RU,ru;q=0.8,en-US;q=0.6,en;q=0.4}}
17:18:30.960 [pool-1-thread-2] INFO  c.m.w.s.util.ResponseHeaderGenerator - Headers for static resource were generated
17:18:30.961 [pool-1-thread-3] INFO  c.m.w.s.util.ResponseHeaderGenerator - Headers for static resource were generated
17:18:31.171 [pool-1-thread-4] INFO  c.m.w.server.util.RequestParser - Parsed request StaticRequest{url='/pic/1.jpg', method=GET, headers={Cache-Control= no-cache, Accept= image/webp,image/*,*/*;q=0.8, Connection= keep-alive, User-Agent= Mozilla/5.0 (X11; Linux x86_64) AppleWebKit/537.36 (KHTML, like Gecko) Chrome/56.0.2924.87 Safari/537.36, Referer= http, Host= localhost, Pragma= no-cache, Accept-Encoding= gzip, deflate, sdch, br, Accept-Language= ru-RU,ru;q=0.8,en-US;q=0.6,en;q=0.4}}
17:18:31.172 [pool-1-thread-4] INFO  c.m.w.s.util.ResponseHeaderGenerator - Headers for static resource were generated
17:18:31.174 [pool-1-thread-2] INFO  c.m.w.server.util.RequestParser - Parsed request StaticRequest{url='/pic/4.jpg', method=GET, headers={Cache-Control= no-cache, Accept= image/webp,image/*,*/*;q=0.8, Connection= keep-alive, User-Agent= Mozilla/5.0 (X11; Linux x86_64) AppleWebKit/537.36 (KHTML, like Gecko) Chrome/56.0.2924.87 Safari/537.36, Referer= http, Host= localhost, Pragma= no-cache, Accept-Encoding= gzip, deflate, sdch, br, Accept-Language= ru-RU,ru;q=0.8,en-US;q=0.6,en;q=0.4}}
17:18:31.175 [pool-1-thread-2] INFO  c.m.w.s.util.ResponseHeaderGenerator - Headers for static resource were generated
17:18:31.176 [pool-1-thread-3] INFO  c.m.w.server.util.RequestParser - Parsed request StaticRequest{url='/pic/5.jpg', method=GET, headers={Cache-Control= no-cache, Accept= image/webp,image/*,*/*;q=0.8, Connection= keep-alive, User-Agent= Mozilla/5.0 (X11; Linux x86_64) AppleWebKit/537.36 (KHTML, like Gecko) Chrome/56.0.2924.87 Safari/537.36, Referer= http, Host= localhost, Pragma= no-cache, Accept-Encoding= gzip, deflate, sdch, br, Accept-Language= ru-RU,ru;q=0.8,en-US;q=0.6,en;q=0.4}}
17:18:31.177 [pool-1-thread-3] INFO  c.m.w.s.util.ResponseHeaderGenerator - Headers for static resource were generated
17:18:31.174 [pool-1-thread-1] INFO  c.m.w.server.util.RequestParser - Parsed request StaticRequest{url='/pic/3.jpg', method=GET, headers={Cache-Control= no-cache, Accept= image/webp,image/*,*/*;q=0.8, Connection= keep-alive, User-Agent= Mozilla/5.0 (X11; Linux x86_64) AppleWebKit/537.36 (KHTML, like Gecko) Chrome/56.0.2924.87 Safari/537.36, Referer= http, Host= localhost, Pragma= no-cache, Accept-Encoding= gzip, deflate, sdch, br, Accept-Language= ru-RU,ru;q=0.8,en-US;q=0.6,en;q=0.4}}
17:18:31.180 [pool-1-thread-1] INFO  c.m.w.s.util.ResponseHeaderGenerator - Headers for static resource were generated
17:18:31.186 [pool-1-thread-2] INFO  c.m.w.server.util.RequestParser - Parsed request StaticRequest{url='/pic/6.jpg', method=GET, headers={Cache-Control= no-cache, Accept= image/webp,image/*,*/*;q=0.8, Connection= keep-alive, User-Agent= Mozilla/5.0 (X11; Linux x86_64) AppleWebKit/537.36 (KHTML, like Gecko) Chrome/56.0.2924.87 Safari/537.36, Referer= http, Host= localhost, Pragma= no-cache, Accept-Encoding= gzip, deflate, sdch, br, Accept-Language= ru-RU,ru;q=0.8,en-US;q=0.6,en;q=0.4}}
17:18:31.187 [pool-1-thread-2] INFO  c.m.w.s.util.ResponseHeaderGenerator - Headers for static resource were generated
17:18:31.191 [pool-1-thread-5] INFO  c.m.w.server.util.RequestParser - Parsed request StaticRequest{url='/pic/2.jpg', method=GET, headers={Cache-Control= no-cache, Accept= image/webp,image/*,*/*;q=0.8, Connection= keep-alive, User-Agent= Mozilla/5.0 (X11; Linux x86_64) AppleWebKit/537.36 (KHTML, like Gecko) Chrome/56.0.2924.87 Safari/537.36, Referer= http, Host= localhost, Pragma= no-cache, Accept-Encoding= gzip, deflate, sdch, br, Accept-Language= ru-RU,ru;q=0.8,en-US;q=0.6,en;q=0.4}}
17:18:31.192 [pool-1-thread-5] INFO  c.m.w.s.util.ResponseHeaderGenerator - Headers for static resource were generated
17:18:31.511 [pool-1-thread-3] INFO  c.m.w.server.util.RequestParser - Parsed request StaticRequest{url='/pic/8.jpg', method=GET, headers={Cache-Control= no-cache, Accept= image/webp,image/*,*/*;q=0.8, Connection= keep-alive, User-Agent= Mozilla/5.0 (X11; Linux x86_64) AppleWebKit/537.36 (KHTML, like Gecko) Chrome/56.0.2924.87 Safari/537.36, Referer= http, Host= localhost, Pragma= no-cache, Accept-Encoding= gzip, deflate, sdch, br, Accept-Language= ru-RU,ru;q=0.8,en-US;q=0.6,en;q=0.4}}
17:18:31.512 [pool-1-thread-3] INFO  c.m.w.s.util.ResponseHeaderGenerator - Headers for static resource were generated
17:18:31.528 [pool-1-thread-1] INFO  c.m.w.server.util.RequestParser - Parsed request StaticRequest{url='/pic/9.jpg', method=GET, headers={Cache-Control= no-cache, Accept= image/webp,image/*,*/*;q=0.8, Connection= keep-alive, User-Agent= Mozilla/5.0 (X11; Linux x86_64) AppleWebKit/537.36 (KHTML, like Gecko) Chrome/56.0.2924.87 Safari/537.36, Referer= http, Host= localhost, Pragma= no-cache, Accept-Encoding= gzip, deflate, sdch, br, Accept-Language= ru-RU,ru;q=0.8,en-US;q=0.6,en;q=0.4}}
17:18:31.528 [pool-1-thread-1] INFO  c.m.w.s.util.ResponseHeaderGenerator - Headers for static resource were generated
17:18:31.532 [pool-1-thread-4] INFO  c.m.w.server.util.RequestParser - Parsed request StaticRequest{url='/pic/7.jpg', method=GET, headers={Cache-Control= no-cache, Accept= image/webp,image/*,*/*;q=0.8, Connection= keep-alive, User-Agent= Mozilla/5.0 (X11; Linux x86_64) AppleWebKit/537.36 (KHTML, like Gecko) Chrome/56.0.2924.87 Safari/537.36, Referer= http, Host= localhost, Pragma= no-cache, Accept-Encoding= gzip, deflate, sdch, br, Accept-Language= ru-RU,ru;q=0.8,en-US;q=0.6,en;q=0.4}}
17:18:31.532 [pool-1-thread-4] INFO  c.m.w.s.util.ResponseHeaderGenerator - Headers for static resource were generated
17:18:31.624 [pool-1-thread-2] INFO  c.m.w.server.util.RequestParser - Parsed request StaticRequest{url='/pic/10.jpg', method=GET, headers={Cache-Control= no-cache, Accept= image/webp,image/*,*/*;q=0.8, Connection= keep-alive, User-Agent= Mozilla/5.0 (X11; Linux x86_64) AppleWebKit/537.36 (KHTML, like Gecko) Chrome/56.0.2924.87 Safari/537.36, Referer= http, Host= localhost, Pragma= no-cache, Accept-Encoding= gzip, deflate, sdch, br, Accept-Language= ru-RU,ru;q=0.8,en-US;q=0.6,en;q=0.4}}
17:18:31.625 [pool-1-thread-2] INFO  c.m.w.s.util.ResponseHeaderGenerator - Headers for static resource were generated
17:18:31.659 [pool-1-thread-5] INFO  c.m.w.server.util.RequestParser - Parsed request StaticRequest{url='/pic/11.jpg', method=GET, headers={Cache-Control= no-cache, Accept= image/webp,image/*,*/*;q=0.8, Connection= keep-alive, User-Agent= Mozilla/5.0 (X11; Linux x86_64) AppleWebKit/537.36 (KHTML, like Gecko) Chrome/56.0.2924.87 Safari/537.36, Referer= http, Host= localhost, Pragma= no-cache, Accept-Encoding= gzip, deflate, sdch, br, Accept-Language= ru-RU,ru;q=0.8,en-US;q=0.6,en;q=0.4}}
17:18:31.660 [pool-1-thread-5] INFO  c.m.w.s.util.ResponseHeaderGenerator - Headers for static resource were generated
17:18:31.659 [pool-1-thread-3] INFO  c.m.w.server.util.RequestParser - Parsed request StaticRequest{url='/pic/12.jpg', method=GET, headers={Cache-Control= no-cache, Accept= image/webp,image/*,*/*;q=0.8, Connection= keep-alive, User-Agent= Mozilla/5.0 (X11; Linux x86_64) AppleWebKit/537.36 (KHTML, like Gecko) Chrome/56.0.2924.87 Safari/537.36, Referer= http, Host= localhost, Pragma= no-cache, Accept-Encoding= gzip, deflate, sdch, br, Accept-Language= ru-RU,ru;q=0.8,en-US;q=0.6,en;q=0.4}}
17:18:31.664 [pool-1-thread-3] INFO  c.m.w.s.util.ResponseHeaderGenerator - Headers for static resource were generated
17:18:31.908 [pool-1-thread-4] INFO  c.m.w.server.util.RequestParser - Parsed request StaticRequest{url='/pic/13.jpg', method=GET, headers={Cache-Control= no-cache, Accept= image/webp,image/*,*/*;q=0.8, Connection= keep-alive, User-Agent= Mozilla/5.0 (X11; Linux x86_64) AppleWebKit/537.36 (KHTML, like Gecko) Chrome/56.0.2924.87 Safari/537.36, Referer= http, Host= localhost, Pragma= no-cache, Accept-Encoding= gzip, deflate, sdch, br, Accept-Language= ru-RU,ru;q=0.8,en-US;q=0.6,en;q=0.4}}
17:18:31.908 [pool-1-thread-4] INFO  c.m.w.s.util.ResponseHeaderGenerator - Headers for static resource were generated
17:18:31.953 [pool-1-thread-1] INFO  c.m.w.server.util.RequestParser - Parsed request StaticRequest{url='/pic/14.jpg', method=GET, headers={Cache-Control= no-cache, Accept= image/webp,image/*,*/*;q=0.8, Connection= keep-alive, User-Agent= Mozilla/5.0 (X11; Linux x86_64) AppleWebKit/537.36 (KHTML, like Gecko) Chrome/56.0.2924.87 Safari/537.36, Referer= http, Host= localhost, Pragma= no-cache, Accept-Encoding= gzip, deflate, sdch, br, Accept-Language= ru-RU,ru;q=0.8,en-US;q=0.6,en;q=0.4}}
17:18:31.953 [pool-1-thread-1] INFO  c.m.w.s.util.ResponseHeaderGenerator - Headers for static resource were generated
17:18:31.963 [pool-1-thread-2] INFO  c.m.w.server.util.RequestParser - Parsed request StaticRequest{url='/pic/15.jpg', method=GET, headers={Cache-Control= no-cache, Accept= image/webp,image/*,*/*;q=0.8, Connection= keep-alive, User-Agent= Mozilla/5.0 (X11; Linux x86_64) AppleWebKit/537.36 (KHTML, like Gecko) Chrome/56.0.2924.87 Safari/537.36, Referer= http, Host= localhost, Pragma= no-cache, Accept-Encoding= gzip, deflate, sdch, br, Accept-Language= ru-RU,ru;q=0.8,en-US;q=0.6,en;q=0.4}}
17:18:31.963 [pool-1-thread-2] INFO  c.m.w.s.util.ResponseHeaderGenerator - Headers for static resource were generated
17:18:32.019 [pool-1-thread-5] INFO  c.m.w.server.util.RequestParser - Parsed request StaticRequest{url='/pic/17.jpg', method=GET, headers={Cache-Control= no-cache, Accept= image/webp,image/*,*/*;q=0.8, Connection= keep-alive, User-Agent= Mozilla/5.0 (X11; Linux x86_64) AppleWebKit/537.36 (KHTML, like Gecko) Chrome/56.0.2924.87 Safari/537.36, Referer= http, Host= localhost, Pragma= no-cache, Accept-Encoding= gzip, deflate, sdch, br, Accept-Language= ru-RU,ru;q=0.8,en-US;q=0.6,en;q=0.4}}
17:18:32.020 [pool-1-thread-5] INFO  c.m.w.s.util.ResponseHeaderGenerator - Headers for static resource were generated
17:18:32.028 [pool-1-thread-3] INFO  c.m.w.server.util.RequestParser - Parsed request StaticRequest{url='/pic/18.jpg', method=GET, headers={Cache-Control= no-cache, Accept= image/webp,image/*,*/*;q=0.8, Connection= keep-alive, User-Agent= Mozilla/5.0 (X11; Linux x86_64) AppleWebKit/537.36 (KHTML, like Gecko) Chrome/56.0.2924.87 Safari/537.36, Referer= http, Host= localhost, Pragma= no-cache, Accept-Encoding= gzip, deflate, sdch, br, Accept-Language= ru-RU,ru;q=0.8,en-US;q=0.6,en;q=0.4}}
17:18:32.028 [pool-1-thread-3] INFO  c.m.w.s.util.ResponseHeaderGenerator - Headers for static resource were generated
17:18:32.266 [pool-1-thread-4] INFO  c.m.w.server.util.RequestParser - Parsed request StaticRequest{url='/pic/19.jpg', method=GET, headers={Cache-Control= no-cache, Accept= image/webp,image/*,*/*;q=0.8, Connection= keep-alive, User-Agent= Mozilla/5.0 (X11; Linux x86_64) AppleWebKit/537.36 (KHTML, like Gecko) Chrome/56.0.2924.87 Safari/537.36, Referer= http, Host= localhost, Pragma= no-cache, Accept-Encoding= gzip, deflate, sdch, br, Accept-Language= ru-RU,ru;q=0.8,en-US;q=0.6,en;q=0.4}}
17:18:32.267 [pool-1-thread-4] INFO  c.m.w.s.util.ResponseHeaderGenerator - Headers for static resource were generated
17:18:32.914 [pool-1-thread-1] INFO  c.m.w.server.util.RequestParser - Parsed request StaticRequest{url='/pic/20.jpg', method=GET, headers={Cache-Control= no-cache, Accept= image/webp,image/*,*/*;q=0.8, Connection= keep-alive, User-Agent= Mozilla/5.0 (X11; Linux x86_64) AppleWebKit/537.36 (KHTML, like Gecko) Chrome/56.0.2924.87 Safari/537.36, Referer= http, Host= localhost, Pragma= no-cache, Accept-Encoding= gzip, deflate, sdch, br, Accept-Language= ru-RU,ru;q=0.8,en-US;q=0.6,en;q=0.4}}
17:18:32.915 [pool-1-thread-1] INFO  c.m.w.s.util.ResponseHeaderGenerator - Headers for static resource were generated
17:21:47.711 [pool-1-thread-2] INFO  c.m.w.server.util.RequestParser - Parsed request StaticRequest{url='/index/all', method=GET, headers={Cache-Control= max-age=0, Accept= text/html,application/xhtml+xml,application/xml;q=0.9,image/webp,*/*;q=0.8, Upgrade-Insecure-Requests= 1, Connection= keep-alive, User-Agent= Mozilla/5.0 (X11; Linux x86_64) AppleWebKit/537.36 (KHTML, like Gecko) Chrome/56.0.2924.87 Safari/537.36, Host= localhost, Accept-Encoding= gzip, deflate, sdch, br, Accept-Language= ru-RU,ru;q=0.8,en-US;q=0.6,en;q=0.4}}
17:21:47.712 [pool-1-thread-2] INFO  c.m.w.s.util.ResponseHeaderGenerator - Headers for servlet were generated
17:22:09.963 [main] INFO  c.m.w.server.util.ServletContext - Servlet com.miskevich.webserver.data.servlet.IndexServlet@78a773fd was registered by path /index/all
17:22:28.888 [pool-1-thread-1] INFO  c.m.w.server.util.RequestParser - Parsed request StaticRequest{url='/index/all', method=GET, headers={Cache-Control= max-age=0, Accept= text/html,application/xhtml+xml,application/xml;q=0.9,image/webp,*/*;q=0.8, Upgrade-Insecure-Requests= 1, Connection= keep-alive, User-Agent= Mozilla/5.0 (X11; Linux x86_64) AppleWebKit/537.36 (KHTML, like Gecko) Chrome/56.0.2924.87 Safari/537.36, Host= localhost, Accept-Encoding= gzip, deflate, sdch, br, Accept-Language= ru-RU,ru;q=0.8,en-US;q=0.6,en;q=0.4}}
17:22:29.325 [pool-1-thread-1] INFO  c.m.w.s.util.ResponseHeaderGenerator - Headers for servlet were generated
17:22:49.979 [pool-1-thread-2] INFO  c.m.w.server.util.RequestParser - Parsed request StaticRequest{url='/index/all', method=GET, headers={Cache-Control= max-age=0, Accept= text/html,application/xhtml+xml,application/xml;q=0.9,image/webp,*/*;q=0.8, Upgrade-Insecure-Requests= 1, Connection= keep-alive, User-Agent= Mozilla/5.0 (X11; Linux x86_64) AppleWebKit/537.36 (KHTML, like Gecko) Chrome/56.0.2924.87 Safari/537.36, Host= localhost, Accept-Encoding= gzip, deflate, sdch, br, Accept-Language= ru-RU,ru;q=0.8,en-US;q=0.6,en;q=0.4}}
17:22:49.980 [pool-1-thread-2] INFO  c.m.w.s.util.ResponseHeaderGenerator - Headers for servlet were generated
17:23:27.960 [pool-1-thread-3] INFO  c.m.w.server.util.RequestParser - Parsed request StaticRequest{url='/index/all', method=GET, headers={Cache-Control= max-age=0, Accept= text/html,application/xhtml+xml,application/xml;q=0.9,image/webp,*/*;q=0.8, Upgrade-Insecure-Requests= 1, Connection= keep-alive, User-Agent= Mozilla/5.0 (X11; Linux x86_64) AppleWebKit/537.36 (KHTML, like Gecko) Chrome/56.0.2924.87 Safari/537.36, Host= localhost, Accept-Encoding= gzip, deflate, sdch, br, Accept-Language= ru-RU,ru;q=0.8,en-US;q=0.6,en;q=0.4}}
17:23:27.961 [pool-1-thread-3] INFO  c.m.w.s.util.ResponseHeaderGenerator - Headers for servlet were generated
